<?xml version="1.0" encoding="UTF-8"?>
<testsuite name="com.telran.contacts.tests.LoginTests" tests="2" skipped="0" failures="0" errors="0" timestamp="2022-04-29T12:15:51" hostname="surfer-172-30-44-229-hotspot.internet-for-guests.com" time="4.012">
  <properties/>
  <testcase name="loginRegisteredUserPositiveTest" classname="com.telran.contacts.tests.LoginTests" time="0.675"/>
  <testcase name="loginRegisteredUserNegativeTest" classname="com.telran.contacts.tests.LoginTests" time="0.997"/>
  <system-out><![CDATA[]]></system-out>
  <system-err><![CDATA[Starting ChromeDriver 100.0.4896.60 (6a5d10861ce8de5fce22564658033b43cb7de047-refs/branch-heads/4896@{#875}) on port 7386
Only local connections are allowed.
Please see https://chromedriver.chromium.org/security-considerations for suggestions on keeping ChromeDriver safe.
ChromeDriver was started successfully.
апр. 29, 2022 2:15:50 PM org.openqa.selenium.remote.ProtocolHandshake createSession
INFO: Detected dialect: W3C
Starting ChromeDriver 100.0.4896.60 (6a5d10861ce8de5fce22564658033b43cb7de047-refs/branch-heads/4896@{#875}) on port 36794
Only local connections are allowed.
Please see https://chromedriver.chromium.org/security-considerations for suggestions on keeping ChromeDriver safe.
ChromeDriver was started successfully.
апр. 29, 2022 2:15:53 PM org.openqa.selenium.remote.ProtocolHandshake createSession
INFO: Detected dialect: W3C
]]></system-err>
</testsuite>
